e:\project\vs2013_2018改版\debug\crashrptd.bsc
e:\project\vs2013_2018改版\crash\crashrpt\debug\crashrptd.pch
e:\project\vs2013_2018改版\crash\crashrpt\debug\vc120.pdb
e:\project\vs2013_2018改版\crash\crashrpt\debug\vc120.idb
e:\project\vs2013_2018改版\crash\crashrpt\debug\stdafx.sbr
e:\project\vs2013_2018改版\crash\crashrpt\debug\stdafx.obj
e:\project\vs2013_2018改版\crash\crashrpt\debug\sharedmem.sbr
e:\project\vs2013_2018改版\crash\crashrpt\debug\sharedmem.obj
e:\project\vs2013_2018改版\crash\crashrpt\debug\crashhandler.sbr
e:\project\vs2013_2018改版\crash\crashrpt\debug\crashhandler.obj
e:\project\vs2013_2018改版\crash\crashrpt\debug\utility.sbr
e:\project\vs2013_2018改版\crash\crashrpt\debug\utility.obj
e:\project\vs2013_2018改版\crash\crashrpt\debug\crashrpt.sbr
e:\project\vs2013_2018改版\crash\crashrpt\debug\crashrpt.obj
e:\project\vs2013_2018改版\pbq\lib\crashrptd.lib
e:\project\vs2013_2018改版\pbq\lib\crashrptd.exp
e:\project\vs2013_2018改版\debug\crashrptd.dll
e:\project\vs2013_2018改版\debug\crashrptd.pdb
e:\project\vs2013_2018改版\crash\crashrpt\debug\crashrpt.res
e:\project\vs2013_2018改版\crash\crashrpt\debug\crashrpt.tlog\bscmake.command.1.tlog
e:\project\vs2013_2018改版\crash\crashrpt\debug\crashrpt.tlog\bscmake.read.1.tlog
e:\project\vs2013_2018改版\crash\crashrpt\debug\crashrpt.tlog\bscmake.write.1.tlog
e:\project\vs2013_2018改版\crash\crashrpt\debug\crashrpt.tlog\cl.command.1.tlog
e:\project\vs2013_2018改版\crash\crashrpt\debug\crashrpt.tlog\cl.read.1.tlog
e:\project\vs2013_2018改版\crash\crashrpt\debug\crashrpt.tlog\cl.write.1.tlog
e:\project\vs2013_2018改版\crash\crashrpt\debug\crashrpt.tlog\crashrpt.write.1u.tlog
e:\project\vs2013_2018改版\crash\crashrpt\debug\crashrpt.tlog\link.command.1.tlog
e:\project\vs2013_2018改版\crash\crashrpt\debug\crashrpt.tlog\link.read.1.tlog
e:\project\vs2013_2018改版\crash\crashrpt\debug\crashrpt.tlog\link.write.1.tlog
e:\project\vs2013_2018改版\crash\crashrpt\debug\crashrpt.tlog\rc.command.1.tlog
e:\project\vs2013_2018改版\crash\crashrpt\debug\crashrpt.tlog\rc.read.1.tlog
e:\project\vs2013_2018改版\crash\crashrpt\debug\crashrpt.tlog\rc.write.1.tlog
