c:\users\xiongwenkai\desktop\crashrpt64.git\trunk\thirdparty\libtheora\win32\vs2010\libtheora\release\internal.obj
c:\users\xiongwenkai\desktop\crashrpt64.git\trunk\thirdparty\libtheora\win32\vs2010\libtheora\release\info.obj
c:\users\xiongwenkai\desktop\crashrpt64.git\trunk\thirdparty\libtheora\win32\vs2010\libtheora\release\idct.obj
c:\users\xiongwenkai\desktop\crashrpt64.git\trunk\thirdparty\libtheora\win32\vs2010\libtheora\release\huffenc.obj
c:\users\xiongwenkai\desktop\crashrpt64.git\trunk\thirdparty\libtheora\win32\vs2010\libtheora\release\huffdec.obj
c:\users\xiongwenkai\desktop\crashrpt64.git\trunk\thirdparty\libtheora\win32\vs2010\libtheora\release\fragment.obj
c:\users\xiongwenkai\desktop\crashrpt64.git\trunk\thirdparty\libtheora\win32\vs2010\libtheora\release\fdct.obj
c:\users\xiongwenkai\desktop\crashrpt64.git\trunk\thirdparty\libtheora\win32\vs2010\libtheora\release\enquant.obj
c:\users\xiongwenkai\desktop\crashrpt64.git\trunk\thirdparty\libtheora\win32\vs2010\libtheora\release\encode.obj
c:\users\xiongwenkai\desktop\crashrpt64.git\trunk\thirdparty\libtheora\win32\vs2010\libtheora\release\encinfo.obj
c:\users\xiongwenkai\desktop\crashrpt64.git\trunk\thirdparty\libtheora\win32\vs2010\libtheora\release\encfrag.obj
c:\users\xiongwenkai\desktop\crashrpt64.git\trunk\thirdparty\libtheora\win32\vs2010\libtheora\release\encapiwrapper.obj
c:\users\xiongwenkai\desktop\crashrpt64.git\trunk\thirdparty\libtheora\win32\vs2010\libtheora\release\dequant.obj
c:\users\xiongwenkai\desktop\crashrpt64.git\trunk\thirdparty\libtheora\win32\vs2010\libtheora\release\decode.obj
c:\users\xiongwenkai\desktop\crashrpt64.git\trunk\thirdparty\libtheora\win32\vs2010\libtheora\release\decinfo.obj
c:\users\xiongwenkai\desktop\crashrpt64.git\trunk\thirdparty\libtheora\win32\vs2010\libtheora\release\decapiwrapper.obj
c:\users\xiongwenkai\desktop\crashrpt64.git\trunk\thirdparty\libtheora\win32\vs2010\libtheora\release\cpu.obj
c:\users\xiongwenkai\desktop\crashrpt64.git\trunk\thirdparty\libtheora\win32\vs2010\libtheora\release\bitpack.obj
c:\users\xiongwenkai\desktop\crashrpt64.git\trunk\thirdparty\libtheora\win32\vs2010\libtheora\release\apiwrapper.obj
c:\users\xiongwenkai\desktop\crashrpt64.git\trunk\thirdparty\libtheora\win32\vs2010\libtheora\release\analyze.obj
c:\users\xiongwenkai\desktop\crashrpt64.git\trunk\thirdparty\libtheora\win32\vs2010\libtheora\release\x86state.obj
c:\users\xiongwenkai\desktop\crashrpt64.git\trunk\thirdparty\libtheora\win32\vs2010\libtheora\release\x86enc.obj
c:\users\xiongwenkai\desktop\crashrpt64.git\trunk\thirdparty\libtheora\win32\vs2010\libtheora\release\mmxstate.obj
c:\users\xiongwenkai\desktop\crashrpt64.git\trunk\thirdparty\libtheora\win32\vs2010\libtheora\release\mmxidct.obj
c:\users\xiongwenkai\desktop\crashrpt64.git\trunk\thirdparty\libtheora\win32\vs2010\libtheora\release\mmxfrag.obj
c:\users\xiongwenkai\desktop\crashrpt64.git\trunk\thirdparty\libtheora\win32\vs2010\libtheora\release\mmxfdct.obj
c:\users\xiongwenkai\desktop\crashrpt64.git\trunk\thirdparty\libtheora\win32\vs2010\libtheora\release\mmxencfrag.obj
c:\users\xiongwenkai\desktop\crashrpt64.git\trunk\thirdparty\libtheora\win32\vs2010\libtheora\release\tokenize.obj
c:\users\xiongwenkai\desktop\crashrpt64.git\trunk\thirdparty\libtheora\win32\vs2010\libtheora\release\state.obj
c:\users\xiongwenkai\desktop\crashrpt64.git\trunk\thirdparty\libtheora\win32\vs2010\libtheora\release\rate.obj
c:\users\xiongwenkai\desktop\crashrpt64.git\trunk\thirdparty\libtheora\win32\vs2010\libtheora\release\quant.obj
c:\users\xiongwenkai\desktop\crashrpt64.git\trunk\thirdparty\libtheora\win32\vs2010\libtheora\release\mcenc.obj
c:\users\xiongwenkai\desktop\crashrpt64.git\trunk\thirdparty\libtheora\win32\vs2010\libtheora\release\mathops.obj
c:\users\xiongwenkai\desktop\crashrpt64.git\trunk\thirdparty\libr\libtheora.lib
c:\users\xiongwenkai\desktop\crashrpt64.git\trunk\thirdparty\libtheora\win32\vs2010\libtheora\release\libtheora.tlog\cl.command.1.tlog
c:\users\xiongwenkai\desktop\crashrpt64.git\trunk\thirdparty\libtheora\win32\vs2010\libtheora\release\libtheora.tlog\cl.read.1.tlog
c:\users\xiongwenkai\desktop\crashrpt64.git\trunk\thirdparty\libtheora\win32\vs2010\libtheora\release\libtheora.tlog\cl.write.1.tlog
c:\users\xiongwenkai\desktop\crashrpt64.git\trunk\thirdparty\libtheora\win32\vs2010\libtheora\release\libtheora.tlog\lib-link.read.1.tlog
c:\users\xiongwenkai\desktop\crashrpt64.git\trunk\thirdparty\libtheora\win32\vs2010\libtheora\release\libtheora.tlog\lib-link.write.1.tlog
c:\users\xiongwenkai\desktop\crashrpt64.git\trunk\thirdparty\libtheora\win32\vs2010\libtheora\release\libtheora.tlog\lib.command.1.tlog
