e:\project\vs2013_2018改版\crash\crashsender\debug\crashsenderd.pch
e:\project\vs2013_2018改版\crash\crashsender\debug\vc120.pdb
e:\project\vs2013_2018改版\crash\crashsender\debug\vc120.idb
e:\project\vs2013_2018改版\crash\crashsender\debug\stdafx.obj
e:\project\vs2013_2018改版\crash\crashsender\debug\assyncnotification.obj
e:\project\vs2013_2018改版\crash\crashsender\debug\crashsender.obj
e:\project\vs2013_2018改版\crash\crashsender\debug\mailmsg.obj
e:\project\vs2013_2018改版\crash\crashsender\debug\resenddlg.obj
e:\project\vs2013_2018改版\crash\crashsender\debug\sharedmem.obj
e:\project\vs2013_2018改版\crash\crashsender\debug\errorreportdlg.obj
e:\project\vs2013_2018改版\crash\crashsender\debug\filepreviewctrl.obj
e:\project\vs2013_2018改版\crash\crashsender\debug\screencap.obj
e:\project\vs2013_2018改版\crash\crashsender\debug\smtpclient.obj
e:\project\vs2013_2018改版\crash\crashsender\debug\utility.obj
e:\project\vs2013_2018改版\crash\crashsender\debug\detaildlg.obj
e:\project\vs2013_2018改版\crash\crashsender\debug\httprequestsender.obj
e:\project\vs2013_2018改版\crash\crashsender\debug\progressdlg.obj
e:\project\vs2013_2018改版\crash\crashsender\debug\videorecdlg.obj
e:\project\vs2013_2018改版\crash\crashsender\debug\crashinforeader.obj
e:\project\vs2013_2018改版\crash\crashsender\debug\errorreportsender.obj
e:\project\vs2013_2018改版\crash\crashsender\debug\videorec.obj
e:\project\vs2013_2018改版\crash\crashsender\debug\md5.obj
e:\project\vs2013_2018改版\crash\crashsender\debug\base64.obj
e:\project\vs2013_2018改版\debug\crashsenderd.ilk
e:\project\vs2013_2018改版\debug\crashsenderd.exe
e:\project\vs2013_2018改版\debug\crashsenderd.pdb
e:\project\vs2013_2018改版\crash\crashsender\debug\crashsender.res
e:\project\vs2013_2018改版\crash\crashsender\debug\crashsender.tlog\cl.command.1.tlog
e:\project\vs2013_2018改版\crash\crashsender\debug\crashsender.tlog\cl.read.1.tlog
e:\project\vs2013_2018改版\crash\crashsender\debug\crashsender.tlog\cl.write.1.tlog
e:\project\vs2013_2018改版\crash\crashsender\debug\crashsender.tlog\link.command.1.tlog
e:\project\vs2013_2018改版\crash\crashsender\debug\crashsender.tlog\link.read.1.tlog
e:\project\vs2013_2018改版\crash\crashsender\debug\crashsender.tlog\link.write.1.tlog
e:\project\vs2013_2018改版\crash\crashsender\debug\crashsender.tlog\rc.command.1.tlog
e:\project\vs2013_2018改版\crash\crashsender\debug\crashsender.tlog\rc.read.1.tlog
e:\project\vs2013_2018改版\crash\crashsender\debug\crashsender.tlog\rc.write.1.tlog
